# JRE version: Java(TM) SE Runtime Environment (8.0_151-b12) (build 1.8.0_151-b12)
# Java VM: Java HotSpot(TM) 64-Bit Server VM (25.151-b12 mixed mode windows-amd64 compressed oops)
Heap:
 PSYoungGen      total 181248K, used 17942K [0x00000000d5b00000, 0x00000000e3680000, 0x0000000100000000)
  eden space 169472K, 3% used [0x00000000d5b00000,0x00000000d6109268,0x00000000e0080000)
  from space 11776K, 99% used [0x00000000e0e00000,0x00000000e197c758,0x00000000e1980000)
  to   space 13824K, 0% used [0x00000000e0080000,0x00000000e0080000,0x00000000e0e00000)
 ParOldGen       total 85504K, used 17099K [0x0000000081000000, 0x0000000086380000, 0x00000000d5b00000)
  object space 85504K, 19% used [0x0000000081000000,0x00000000820b2f30,0x0000000086380000)
 Metaspace       used 46179K, capacity 48535K, committed 48896K, reserved 1091584K
  class space    used 6101K, capacity 6542K, committed 6656K, reserved 1048576K
GC Heap History (10 events):
Event: 3.664 GC heap before
{Heap before GC invocations=6 (full 1):
 PSYoungGen      total 71680K, used 5097K [0x00000000d5b00000, 0x00000000dee00000, 0x0000000100000000)
  eden space 66560K, 0% used [0x00000000d5b00000,0x00000000d5b00000,0x00000000d9c00000)
  from space 5120K, 99% used [0x00000000d9c00000,0x00000000da0fa428,0x00000000da100000)
  to   space 8704K, 0% used [0x00000000de580000,0x00000000de580000,0x00000000dee00000)
 ParOldGen       total 87552K, used 5788K [0x0000000081000000, 0x0000000086580000, 0x00000000d5b00000)
  object space 87552K, 6% used [0x0000000081000000,0x00000000815a7280,0x0000000086580000)
 Metaspace       used 20243K, capacity 21152K, committed 21248K, reserved 1067008K
  class space    used 2526K, capacity 2752K, committed 2816K, reserved 1048576K
Event: 3.725 GC heap after
Heap after GC invocations=6 (full 1):
 PSYoungGen      total 71680K, used 0K [0x00000000d5b00000, 0x00000000dee00000, 0x0000000100000000)
  eden space 66560K, 0% used [0x00000000d5b00000,0x00000000d5b00000,0x00000000d9c00000)
  from space 5120K, 0% used [0x00000000d9c00000,0x00000000d9c00000,0x00000000da100000)
  to   space 8704K, 0% used [0x00000000de580000,0x00000000de580000,0x00000000dee00000)
 ParOldGen       total 54784K, used 6791K [0x0000000081000000, 0x0000000084580000, 0x00000000d5b00000)
  object space 54784K, 12% used [0x0000000081000000,0x00000000816a1e50,0x0000000084580000)
 Metaspace       used 20243K, capacity 21152K, committed 21248K, reserved 1067008K
  class space    used 2526K, capacity 2752K, committed 2816K, reserved 1048576K
}
Event: 5.654 GC heap before
{Heap before GC invocations=7 (full 1):
 PSYoungGen      total 71680K, used 66560K [0x00000000d5b00000, 0x00000000dee00000, 0x0000000100000000)
  eden space 66560K, 100% used [0x00000000d5b00000,0x00000000d9c00000,0x00000000d9c00000)
  from space 5120K, 0% used [0x00000000d9c00000,0x00000000d9c00000,0x00000000da100000)
  to   space 8704K, 0% used [0x00000000de580000,0x00000000de580000,0x00000000dee00000)
 ParOldGen       total 54784K, used 6791K [0x0000000081000000, 0x0000000084580000, 0x00000000d5b00000)
  object space 54784K, 12% used [0x0000000081000000,0x00000000816a1e50,0x0000000084580000)
 Metaspace       used 25248K, capacity 26574K, committed 26880K, reserved 1073152K
  class space    used 3241K, capacity 3525K, committed 3584K, reserved 1048576K
Event: 5.670 GC heap after
Heap after GC invocations=7 (full 1):
 PSYoungGen      total 116736K, used 7690K [0x00000000d5b00000, 0x00000000ded80000, 0x0000000100000000)
  eden space 108544K, 0% used [0x00000000d5b00000,0x00000000d5b00000,0x00000000dc500000)
  from space 8192K, 93% used [0x00000000de580000,0x00000000ded029e0,0x00000000ded80000)
  to   space 9216K, 0% used [0x00000000ddb80000,0x00000000ddb80000,0x00000000de480000)
 ParOldGen       total 54784K, used 6799K [0x0000000081000000, 0x0000000084580000, 0x00000000d5b00000)
  object space 54784K, 12% used [0x0000000081000000,0x00000000816a3e50,0x0000000084580000)
 Metaspace       used 25248K, capacity 26574K, committed 26880K, reserved 1073152K
  class space    used 3241K, capacity 3525K, committed 3584K, reserved 1048576K
}
Event: 8.050 GC heap before
{Heap before GC invocations=8 (full 1):
 PSYoungGen      total 116736K, used 112402K [0x00000000d5b00000, 0x00000000ded80000, 0x0000000100000000)
  eden space 108544K, 96% used [0x00000000d5b00000,0x00000000dc1421a0,0x00000000dc500000)
  from space 8192K, 93% used [0x00000000de580000,0x00000000ded029e0,0x00000000ded80000)
  to   space 9216K, 0% used [0x00000000ddb80000,0x00000000ddb80000,0x00000000de480000)
 ParOldGen       total 54784K, used 6799K [0x0000000081000000, 0x0000000084580000, 0x00000000d5b00000)
  object space 54784K, 12% used [0x0000000081000000,0x00000000816a3e50,0x0000000084580000)
 Metaspace       used 33489K, capacity 35321K, committed 35416K, reserved 1081344K
  class space    used 4272K, capacity 4608K, committed 4608K, reserved 1048576K
Event: 8.070 GC heap after
Heap after GC invocations=8 (full 1):
 PSYoungGen      total 140800K, used 9191K [0x00000000d5b00000, 0x00000000e1980000, 0x0000000100000000)
  eden space 131584K, 0% used [0x00000000d5b00000,0x00000000d5b00000,0x00000000ddb80000)
  from space 9216K, 99% used [0x00000000ddb80000,0x00000000de479e70,0x00000000de480000)
  to   space 11776K, 0% used [0x00000000e0e00000,0x00000000e0e00000,0x00000000e1980000)
 ParOldGen       total 54784K, used 9049K [0x0000000081000000, 0x0000000084580000, 0x00000000d5b00000)
  object space 54784K, 16% used [0x0000000081000000,0x00000000818d6568,0x0000000084580000)
 Metaspace       used 33489K, capacity 35321K, committed 35416K, reserved 1081344K
  class space    used 4272K, capacity 4608K, committed 4608K, reserved 1048576K
}
Event: 8.070 GC heap before
{Heap before GC invocations=9 (full 2):
 PSYoungGen      total 140800K, used 9191K [0x00000000d5b00000, 0x00000000e1980000, 0x0000000100000000)
  eden space 131584K, 0% used [0x00000000d5b00000,0x00000000d5b00000,0x00000000ddb80000)
  from space 9216K, 99% used [0x00000000ddb80000,0x00000000de479e70,0x00000000de480000)
  to   space 11776K, 0% used [0x00000000e0e00000,0x00000000e0e00000,0x00000000e1980000)
 ParOldGen       total 54784K, used 9049K [0x0000000081000000, 0x0000000084580000, 0x00000000d5b00000)
  object space 54784K, 16% used [0x0000000081000000,0x00000000818d6568,0x0000000084580000)
 Metaspace       used 33489K, capacity 35321K, committed 35416K, reserved 1081344K
  class space    used 4272K, capacity 4608K, committed 4608K, reserved 1048576K
Event: 8.177 GC heap after
Heap after GC invocations=9 (full 2):
 PSYoungGen      total 140800K, used 0K [0x00000000d5b00000, 0x00000000e1980000, 0x0000000100000000)
  eden space 131584K, 0% used [0x00000000d5b00000,0x00000000d5b00000,0x00000000ddb80000)
  from space 9216K, 0% used [0x00000000ddb80000,0x00000000ddb80000,0x00000000de480000)
  to   space 11776K, 0% used [0x00000000e0e00000,0x00000000e0e00000,0x00000000e1980000)
 ParOldGen       total 85504K, used 15678K [0x0000000081000000, 0x0000000086380000, 0x00000000d5b00000)
  object space 85504K, 18% used [0x0000000081000000,0x0000000081f4f810,0x0000000086380000)
 Metaspace       used 33489K, capacity 35321K, committed 35416K, reserved 1081344K
  class space    used 4272K, capacity 4608K, committed 4608K, reserved 1048576K
}
Event: 11.876 GC heap before
{Heap before GC invocations=10 (full 2):
 PSYoungGen      total 140800K, used 131584K [0x00000000d5b00000, 0x00000000e1980000, 0x0000000100000000)
  eden space 131584K, 100% used [0x00000000d5b00000,0x00000000ddb80000,0x00000000ddb80000)
  from space 9216K, 0% used [0x00000000ddb80000,0x00000000ddb80000,0x00000000de480000)
  to   space 11776K, 0% used [0x00000000e0e00000,0x00000000e0e00000,0x00000000e1980000)
 ParOldGen       total 85504K, used 15678K [0x0000000081000000, 0x0000000086380000, 0x00000000d5b00000)
  object space 85504K, 18% used [0x0000000081000000,0x0000000081f4f810,0x0000000086380000)
 Metaspace       used 45852K, capacity 48113K, committed 48256K, reserved 1091584K
  class space    used 6036K, capacity 6443K, committed 6528K, reserved 1048576K
Event: 11.924 GC heap after
Heap after GC invocations=10 (full 2):
 PSYoungGen      total 181248K, used 11761K [0x00000000d5b00000, 0x00000000e3680000, 0x0000000100000000)
  eden space 169472K, 0% used [0x00000000d5b00000,0x00000000d5b00000,0x00000000e0080000)
  from space 11776K, 99% used [0x00000000e0e00000,0x00000000e197c758,0x00000000e1980000)
  to   space 13824K, 0% used [0x00000000e0080000,0x00000000e0080000,0x00000000e0e00000)
 ParOldGen       total 85504K, used 17099K [0x0000000081000000, 0x0000000086380000, 0x00000000d5b00000)
  object space 85504K, 19% used [0x0000000081000000,0x00000000820b2f30,0x0000000086380000)
 Metaspace       used 45852K, capacity 48113K, committed 48256K, reserved 1091584K
  class space    used 6036K, capacity 6443K, committed 6528K, reserved 1048576K
}

